c:\users\donutstopgaming\desktop\mod\debug\mod.pch
c:\users\donutstopgaming\desktop\mod\debug\vc142.pdb
c:\users\donutstopgaming\desktop\mod\debug\vc142.idb
c:\users\donutstopgaming\desktop\mod\debug\pch.obj
c:\users\donutstopgaming\desktop\mod\debug\pch.cod
c:\users\donutstopgaming\desktop\mod\debug\_tobjbobsleigh.obj
c:\users\donutstopgaming\desktop\mod\debug\_tobjbobsleigh.cod
c:\users\donutstopgaming\desktop\mod\debug\_hook.obj
c:\users\donutstopgaming\desktop\mod\debug\_hook.cod
c:\users\donutstopgaming\desktop\mod\debug\o_s11_warp.obj
c:\users\donutstopgaming\desktop\mod\debug\o_s11_warp.cod
c:\users\donutstopgaming\desktop\mod\debug\setgen.obj
c:\users\donutstopgaming\desktop\mod\debug\setgen.cod
c:\users\donutstopgaming\desktop\mod\debug\o_warp.obj
c:\users\donutstopgaming\desktop\mod\debug\o_warp.cod
c:\users\donutstopgaming\desktop\mod\debug\newcamera.obj
c:\users\donutstopgaming\desktop\mod\debug\newcamera.cod
c:\users\donutstopgaming\desktop\mod\debug\dllmain.obj
c:\users\donutstopgaming\desktop\mod\debug\dllmain.cod
c:\users\donutstopgaming\desktop\mod\debug\advertise.obj
c:\users\donutstopgaming\desktop\mod\debug\advertise.cod
c:\users\donutstopgaming\desktop\mod\debug\action.obj
c:\users\donutstopgaming\desktop\mod\debug\action.cod
c:\users\donutstopgaming\desktop\mod\debug\mod.ilk
c:\users\donutstopgaming\desktop\mod\debug\mod.dll
c:\users\donutstopgaming\desktop\mod\debug\mod.pdb
c:\users\donutstopgaming\desktop\mod\debug\mod.lib
c:\users\donutstopgaming\desktop\mod\debug\mod.exp
c:\users\donutstopgaming\desktop\mod\debug\sonic he.262552ef.tlog\cl.command.1.tlog
c:\users\donutstopgaming\desktop\mod\debug\sonic he.262552ef.tlog\cl.read.1.tlog
c:\users\donutstopgaming\desktop\mod\debug\sonic he.262552ef.tlog\cl.write.1.tlog
c:\users\donutstopgaming\desktop\mod\debug\sonic he.262552ef.tlog\link.command.1.tlog
c:\users\donutstopgaming\desktop\mod\debug\sonic he.262552ef.tlog\link.read.1.tlog
c:\users\donutstopgaming\desktop\mod\debug\sonic he.262552ef.tlog\link.write.1.tlog
c:\users\donutstopgaming\desktop\mod\debug\sonic he.262552ef.tlog\sonic heroes extended multiplayer edition.write.1u.tlog
